[debug] [2023-04-24T17:48:00.637Z] ----------------------------------------------------------------------
[debug] [2023-04-24T17:48:00.640Z] Command:       C:\Program Files\nodejs\node.exe C:\Users\shanes\AppData\Roaming\npm\node_modules\firebase-tools\lib\bin\firebase.js init
[debug] [2023-04-24T17:48:00.641Z] CLI Version:   11.28.0
[debug] [2023-04-24T17:48:00.641Z] Platform:      win32
[debug] [2023-04-24T17:48:00.642Z] Node Version:  v18.16.0
[debug] [2023-04-24T17:48:00.643Z] Time:          Mon Apr 24 2023 19:48:00 GMT+0200 (South Africa Standard Time)
[debug] [2023-04-24T17:48:00.646Z] ----------------------------------------------------------------------
[debug] 
[debug] [2023-04-24T17:48:00.800Z] > command requires scopes: ["email","openid","https://www.googleapis.com/auth/cloudplatformprojects.readonly","https://www.googleapis.com/auth/firebase","https://www.googleapis.com/auth/cloud-platform"]
[debug] [2023-04-24T17:48:00.801Z] > authorizing via signed-in user (shanestevensxk9@gmail.com)
[info] 
     ######## #### ########  ######## ########     ###     ######  ########
     ##        ##  ##     ## ##       ##     ##  ##   ##  ##       ##
     ######    ##  ########  ######   ########  #########  ######  ######
     ##        ##  ##    ##  ##       ##     ## ##     ##       ## ##
     ##       #### ##     ## ######## ########  ##     ##  ######  ########

You're about to initialize a Firebase project in this directory:

  C:\Users\shanes\Desktop\WORK\my_projects\ss_portfolio

Before we get started, keep in mind:

  * You are initializing within an existing Firebase project directory

